<test-run-root>
  <test-run id="0" runstate="Runnable" testcasecount="9" result="Failed" total="5" passed="4" failed="1" warnings="0" inconclusive="0" skipped="0" asserts="5" engine-version="3.17.0.0" clr-version="8.0.0" start-time="2024-04-13 20:19:47Z" end-time="2024-04-13 20:19:49Z" duration="2.124159">
    <command-line><![CDATA[C:\Repos\Personal\XunitTestRunnerPOC\TestRunnerCLI\bin\Debug\net8.0\TestRunnerCLI.dll]]></command-line>
    <test-suite type="Assembly" id="1-1005" name="Component01.dll" fullname="C:\Repos\Personal\XunitTestRunnerPOC\Component01\bin\Debug\net8.0\Component01.dll" runstate="Runnable" testcasecount="4" result="Passed" start-time="2024-04-13T20:19:47.0303644Z" end-time="2024-04-13T20:19:47.0446499Z" duration="0.014251" total="2" passed="2" failed="0" warnings="0" inconclusive="0" skipped="0" asserts="2">
      <environment framework-version="4.0.1.0" clr-version="8.0.0" os-version="Microsoft Windows 10.0.22631" platform="Win32NT" cwd="C:\Repos\Personal\XunitTestRunnerPOC\TestRunnerCLI" machine-name="LT-DBROOKS-XPS" user="dave.brooks" user-domain="JSITELECOM" culture="en-US" uiculture="en-US" os-architecture="x64" />
      <settings>
        <setting name="NumberOfTestWorkers" value="20" />
      </settings>
      <properties>
        <property name="_PID" value="30740" />
        <property name="_APPDOMAIN" value="TestRunnerCLI" />
      </properties>
      <test-suite type="TestSuite" id="1-1006" name="Component01" fullname="Component01" runstate="Runnable" testcasecount="4" result="Passed" start-time="2024-04-13T20:19:47.0324186Z" end-time="2024-04-13T20:19:47.0446460Z" duration="0.012227" total="2" passed="2" failed="0" warnings="0" inconclusive="0" skipped="0" asserts="2">
        <test-suite type="TestFixture" id="1-1000" name="Component01Tests" fullname="Component01.Component01Tests" classname="Component01.Component01Tests" runstate="Runnable" testcasecount="4" result="Passed" start-time="2024-04-13T20:19:47.0330013Z" end-time="2024-04-13T20:19:47.0445166Z" duration="0.011515" total="2" passed="2" failed="0" warnings="0" inconclusive="0" skipped="0" asserts="2">
          <test-case id="1-1002" name="TestMethod2" fullname="Component01.Component01Tests.TestMethod2" methodname="TestMethod2" classname="Component01.Component01Tests" runstate="Runnable" seed="436032553" result="Passed" start-time="2024-04-13T20:19:47.0341067Z" end-time="2024-04-13T20:19:47.0431623Z" duration="0.009085" asserts="1">
            <properties>
              <property name="Description" value="Test ID is not known" />
              <property name="Category" value="Sanity" />
              <property name="Category" value="Regression" />
            </properties>
          </test-case>
          <test-case id="1-1004" name="TestMethod4" fullname="Component01.Component01Tests.TestMethod4" methodname="TestMethod4" classname="Component01.Component01Tests" runstate="Runnable" seed="1129441521" result="Passed" start-time="2024-04-13T20:19:47.0438056Z" end-time="2024-04-13T20:19:47.0441004Z" duration="0.000295" asserts="1">
            <properties>
              <property name="Category" value="Regression" />
              <property name="Category" value="Sanity" />
            </properties>
          </test-case>
        </test-suite>
      </test-suite>
    </test-suite>
    <test-suite type="Assembly" id="2-1014" name="Component02.dll" fullname="C:\Repos\Personal\XunitTestRunnerPOC\Component02\bin\Debug\net8.0\Component02.dll" runstate="Runnable" testcasecount="5" result="Failed" site="Child" start-time="2024-04-13T20:19:47.0818630Z" end-time="2024-04-13T20:19:49.1399907Z" duration="2.058127" total="3" passed="2" failed="1" warnings="0" inconclusive="0" skipped="0" asserts="3">
      <environment framework-version="4.0.1.0" clr-version="8.0.0" os-version="Microsoft Windows 10.0.22631" platform="Win32NT" cwd="C:\Repos\Personal\XunitTestRunnerPOC\TestRunnerCLI" machine-name="LT-DBROOKS-XPS" user="dave.brooks" user-domain="JSITELECOM" culture="en-US" uiculture="en-US" os-architecture="x64" />
      <settings>
        <setting name="NumberOfTestWorkers" value="20" />
      </settings>
      <properties>
        <property name="_PID" value="30740" />
        <property name="_APPDOMAIN" value="TestRunnerCLI" />
      </properties>
      <failure>
        <message><![CDATA[One or more child tests had errors]]></message>
      </failure>
      <test-suite type="TestSuite" id="2-1015" name="Component01" fullname="Component01" runstate="Runnable" testcasecount="5" result="Failed" site="Child" start-time="2024-04-13T20:19:47.0819156Z" end-time="2024-04-13T20:19:49.1399886Z" duration="2.058073" total="3" passed="2" failed="1" warnings="0" inconclusive="0" skipped="0" asserts="3">
        <failure>
          <message><![CDATA[One or more child tests had errors]]></message>
        </failure>
        <test-suite type="TestFixture" id="2-1007" name="Component02Tests" fullname="Component01.Component02Tests" classname="Component01.Component02Tests" runstate="Runnable" testcasecount="5" result="Failed" site="Child" start-time="2024-04-13T20:19:47.0819352Z" end-time="2024-04-13T20:19:49.1399850Z" duration="2.058050" total="3" passed="2" failed="1" warnings="0" inconclusive="0" skipped="0" asserts="3">
          <failure>
            <message><![CDATA[One or more child tests had errors]]></message>
          </failure>
          <test-suite type="ParameterizedMethod" id="2-1010" name="TestMethod1" fullname="Component01.Component02Tests.TestMethod1" classname="Component01.Component02Tests" runstate="Runnable" testcasecount="2" result="Failed" site="Child" start-time="2024-04-13T20:19:47.0821004Z" end-time="2024-04-13T20:19:49.1394257Z" duration="2.057325" total="2" passed="1" failed="1" warnings="0" inconclusive="0" skipped="0" asserts="2">
            <properties>
              <property name="Category" value="Sanity" />
              <property name="Category" value="Regression" />
            </properties>
            <failure>
              <message><![CDATA[One or more child tests had errors]]></message>
            </failure>
            <test-case id="2-1008" name="TestMethod1(1,1,2)" fullname="Component01.Component02Tests.TestMethod1(1,1,2)" methodname="TestMethod1" classname="Component01.Component02Tests" runstate="Runnable" seed="985644237" result="Passed" start-time="2024-04-13T20:19:47.0821208Z" end-time="2024-04-13T20:19:48.0920264Z" duration="1.009906" asserts="1" />
            <test-case id="2-1009" name="TestMethod1(1,2,2)" fullname="Component01.Component02Tests.TestMethod1(1,2,2)" methodname="TestMethod1" classname="Component01.Component02Tests" runstate="Runnable" seed="17537682" result="Failed" start-time="2024-04-13T20:19:48.0920600Z" end-time="2024-04-13T20:19:49.1393618Z" duration="1.047302" asserts="1">
              <failure>
                <message><![CDATA[  Assert.That(expectedResult, Is.EqualTo(result))
  Expected: 3
  But was:  2
]]></message>
                <stack-trace><![CDATA[   at Component01.Component02Tests.TestMethod1(Int32 a, Int32 b, Int32 expectedResult) in C:\Repos\Personal\XunitTestRunnerPOC\Component02\Component02-Tests.cs:line 24
   at NUnit.Framework.Internal.TaskAwaitAdapter.GenericAdapter`1.BlockUntilCompleted()
   at NUnit.Framework.Internal.MessagePumpStrategy.NoMessagePumpStrategy.WaitForCompletion(AwaitAdapter awaiter)
   at NUnit.Framework.Internal.AsyncToSyncAdapter.Await[TResult](Func`1 invoke)
   at NUnit.Framework.Internal.AsyncToSyncAdapter.Await(Func`1 invoke)
   at NUnit.Framework.Internal.Commands.TestMethodCommand.RunTestMethod(TestExecutionContext context)
   at NUnit.Framework.Internal.Commands.TestMethodCommand.Execute(TestExecutionContext context)
   at NUnit.Framework.Internal.Execution.SimpleWorkItem.<>c__DisplayClass3_0.<PerformWork>b__0()
   at NUnit.Framework.Internal.ContextUtils.<>c__DisplayClass1_0`1.<DoIsolated>b__0(Object _)
]]></stack-trace>
              </failure>
              <assertions>
                <assertion result="Failed">
                  <message><![CDATA[  Assert.That(expectedResult, Is.EqualTo(result))
  Expected: 3
  But was:  2
]]></message>
                  <stack-trace><![CDATA[   at Component01.Component02Tests.TestMethod1(Int32 a, Int32 b, Int32 expectedResult) in C:\Repos\Personal\XunitTestRunnerPOC\Component02\Component02-Tests.cs:line 24
]]></stack-trace>
                </assertion>
              </assertions>
            </test-case>
          </test-suite>
          <test-case id="2-1011" name="TestMethod2" fullname="Component01.Component02Tests.TestMethod2" methodname="TestMethod2" classname="Component01.Component02Tests" runstate="Runnable" seed="498604046" result="Passed" start-time="2024-04-13T20:19:49.1394403Z" end-time="2024-04-13T20:19:49.1399705Z" duration="0.000530" asserts="1">
            <properties>
              <property name="Category" value="Sanity" />
            </properties>
          </test-case>
        </test-suite>
      </test-suite>
    </test-suite>
  </test-run>
</test-run-root>